<?xml version="1.0" encoding="UTF-8"?>
<!-- Generated by org.testng.reporters.JUnitXMLReporter -->
<testsuite ignored="2" hostname="IASAIRAJLA21" failures="1" tests="1" name="Test2" time="10.667" errors="0" timestamp="2025-03-24T17:44:01 IST">
  <testcase classname="com.iasys.testCases.LoginTestCases" name="TC_02_loginWithInvalidcredentials" time="0.787">
    <failure type="java.lang.AssertionError" message="Login not possible due to invalid cedentails expected [true] but found [false]">
      <![CDATA[java.lang.AssertionError: Login not possible due to invalid cedentails expected [true] but found [false]
at com.iasys.testCases.LoginTestCases.TC_02_loginWithInvalidcredentials(LoginTestCases.java:64)
at java.base/java.util.ArrayList.forEach(ArrayList.java:1597)
... Removed 28 stack frames]]>
    </failure>
  </testcase> <!-- TC_02_loginWithInvalidcredentials -->
  <testcase classname="com.iasys.testCases.LoginTestCases" name="TC_03_MultipleWindowHandleTest" time="0.0">
    <ignored/>
  </testcase> <!-- TC_03_MultipleWindowHandleTest -->
  <testcase classname="com.iasys.testCases.LoginTestCases" name="TC_01_loginWithValidcredentials" time="0.0">
    <ignored/>
  </testcase> <!-- TC_01_loginWithValidcredentials -->
</testsuite> <!-- Test2 -->
