<?xml version="1.0" encoding="UTF-8"?>
<!-- Generated by org.testng.reporters.JUnitXMLReporter -->
<testsuite ignored="2" hostname="IASAIRAJLA21" failures="0" tests="1" name="Test1" time="14.595" errors="0" timestamp="2025-03-24T17:43:50 IST">
  <testcase classname="com.iasys.testCases.LoginTestCases" name="TC_01_loginWithValidcredentials" time="3.411"/>
  <testcase classname="com.iasys.testCases.LoginTestCases" name="TC_03_MultipleWindowHandleTest" time="0.0">
    <ignored/>
  </testcase> <!-- TC_03_MultipleWindowHandleTest -->
  <testcase classname="com.iasys.testCases.LoginTestCases" name="TC_02_loginWithInvalidcredentials" time="0.0">
    <ignored/>
  </testcase> <!-- TC_02_loginWithInvalidcredentials -->
</testsuite> <!-- Test1 -->
