<?xml version="1.0" encoding="UTF-8"?>
<!-- Generated by org.testng.reporters.JUnitXMLReporter -->
<testsuite ignored="2" hostname="IASAIRAJLA21" failures="0" tests="1" name="Test3" time="27.979" errors="0" timestamp="2025-03-24T17:44:29 IST">
  <testcase classname="com.iasys.testCases.LoginTestCases" name="TC_03_MultipleWindowHandleTest" time="17.576"/>
  <testcase classname="com.iasys.testCases.LoginTestCases" name="TC_02_loginWithInvalidcredentials" time="0.0">
    <ignored/>
  </testcase> <!-- TC_02_loginWithInvalidcredentials -->
  <testcase classname="com.iasys.testCases.LoginTestCases" name="TC_01_loginWithValidcredentials" time="0.0">
    <ignored/>
  </testcase> <!-- TC_01_loginWithValidcredentials -->
</testsuite> <!-- Test3 -->
