<?xml version="1.0" encoding="UTF-8"?>
<testng-results total="4" passed="4" failed="0" skipped="0">
  <reporter-output>
  </reporter-output>
  <suite started-at="2025-03-11T07:07:17Z" name="Default suite" finished-at="2025-03-11T07:07:33Z" duration-ms="16098">
    <groups>
      <group name="UI">
        <method signature="FlightTestCases.TC001_CheckifLogoisPresent()[pri:0, instance:com.crm.qa.testcases.FlightTestCases@3daf7722]" name="TC001_CheckifLogoisPresent" class="com.crm.qa.testcases.FlightTestCases"/>
        <method signature="FlightTestCases.TC003_CheckifLogoisPresent()[pri:0, instance:com.crm.qa.testcases.FlightTestCases@3daf7722]" name="TC003_CheckifLogoisPresent" class="com.crm.qa.testcases.FlightTestCases"/>
      </group> <!-- UI -->
      <group name="Functionality">
        <method signature="FlightTestCases.TC002_SelectFlightOption()[pri:0, instance:com.crm.qa.testcases.FlightTestCases@3daf7722]" name="TC002_SelectFlightOption" class="com.crm.qa.testcases.FlightTestCases"/>
      </group> <!-- Functionality -->
      <group name="Simple">
        <method signature="FlightTestCases.TC001_CheckifLogoisPresent()[pri:0, instance:com.crm.qa.testcases.FlightTestCases@3daf7722]" name="TC001_CheckifLogoisPresent" class="com.crm.qa.testcases.FlightTestCases"/>
        <method signature="FlightTestCases.TC003_CheckifLogoisPresent()[pri:0, instance:com.crm.qa.testcases.FlightTestCases@3daf7722]" name="TC003_CheckifLogoisPresent" class="com.crm.qa.testcases.FlightTestCases"/>
      </group> <!-- Simple -->
    </groups>
    <test started-at="2025-03-11T07:07:17Z" name="Default test" finished-at="2025-03-11T07:07:33Z" duration-ms="16098">
      <class name="com.crm.qa.testcases.FlightTestCases">
        <test-method is-config="true" signature="setUp()[pri:0, instance:com.crm.qa.testcases.FlightTestCases@3daf7722]" started-at="2025-03-11T12:36:20Z" name="setUp" finished-at="2025-03-11T12:37:17Z" duration-ms="57225" status="PASS">
          <reporter-output>
          </reporter-output>
        </test-method> <!-- setUp -->
        <test-method signature="TC001_CheckifLogoisPresent()[pri:0, instance:com.crm.qa.testcases.FlightTestCases@3daf7722]" started-at="2025-03-11T12:37:17Z" name="TC001_CheckifLogoisPresent" finished-at="2025-03-11T12:37:18Z" duration-ms="642" status="PASS">
          <reporter-output>
          </reporter-output>
        </test-method> <!-- TC001_CheckifLogoisPresent -->
        <test-method signature="TC002_SelectFlightOption()[pri:0, instance:com.crm.qa.testcases.FlightTestCases@3daf7722]" started-at="2025-03-11T12:37:18Z" name="TC002_SelectFlightOption" finished-at="2025-03-11T12:37:27Z" duration-ms="9254" status="PASS">
          <reporter-output>
          </reporter-output>
        </test-method> <!-- TC002_SelectFlightOption -->
        <test-method signature="TC003_CheckifLogoisPresent()[pri:0, instance:com.crm.qa.testcases.FlightTestCases@3daf7722]" started-at="2025-03-11T12:37:27Z" name="TC003_CheckifLogoisPresent" finished-at="2025-03-11T12:37:27Z" duration-ms="54" status="PASS">
          <reporter-output>
          </reporter-output>
        </test-method> <!-- TC003_CheckifLogoisPresent -->
        <test-method signature="TC004_SelectFlightOption()[pri:0, instance:com.crm.qa.testcases.FlightTestCases@3daf7722]" started-at="2025-03-11T12:37:27Z" name="TC004_SelectFlightOption" finished-at="2025-03-11T12:37:33Z" duration-ms="5890" status="PASS">
          <reporter-output>
          </reporter-output>
        </test-method> <!-- TC004_SelectFlightOption -->
        <test-method is-config="true" signature="tearDown()[pri:0, instance:com.crm.qa.testcases.FlightTestCases@3daf7722]" started-at="2025-03-11T12:37:33Z" name="tearDown" finished-at="2025-03-11T12:37:35Z" duration-ms="1541" status="PASS">
          <reporter-output>
          </reporter-output>
        </test-method> <!-- tearDown -->
      </class> <!-- com.crm.qa.testcases.FlightTestCases -->
    </test> <!-- Default test -->
  </suite> <!-- Default suite -->
</testng-results>
